[0.006s] Invoking command in '/home/leonard/peak_cam_docker/build/peak_cam': CMAKE_PREFIX_PATH=/opt/ros/humble /usr/bin/cmake /home/leonard/peak_cam_docker/peak_cam -DCMAKE_INSTALL_PREFIX=/home/leonard/peak_cam_docker/install/peak_cam
[0.211s] -- The C compiler identification is GNU 11.4.0
[0.376s] -- The CXX compiler identification is GNU 11.4.0
[0.394s] -- Detecting C compiler ABI info
[0.472s] -- Detecting C compiler ABI info - done
[0.477s] -- Check for working C compiler: /usr/bin/cc - skipped
[0.479s] -- Detecting C compile features
[0.480s] -- Detecting C compile features - done
[0.488s] -- Detecting CXX compiler ABI info
[0.593s] -- Detecting CXX compiler ABI info - done
[0.598s] -- Check for working CXX compiler: /usr/bin/c++ - skipped
[0.599s] -- Detecting CXX compile features
[0.600s] -- Detecting CXX compile features - done
[0.610s] -- Found ament_cmake_auto: 1.3.8 (/opt/ros/humble/share/ament_cmake_auto/cmake)
[0.836s] -- Found Python3: /usr/bin/python3 (found version "3.10.12") found components: Interpreter 
[1.264s] -- Found rosidl_generator_c: 3.1.5 (/opt/ros/humble/share/rosidl_generator_c/cmake)
[1.288s] -- Found rosidl_adapter: 3.1.5 (/opt/ros/humble/share/rosidl_adapter/cmake)
[1.317s] -- Found rosidl_generator_cpp: 3.1.5 (/opt/ros/humble/share/rosidl_generator_cpp/cmake)
[1.367s] -- Using all available rosidl_typesupport_c: rosidl_typesupport_fastrtps_c;rosidl_typesupport_introspection_c
[1.406s] -- Using all available rosidl_typesupport_cpp: rosidl_typesupport_fastrtps_cpp;rosidl_typesupport_introspection_cpp
[1.616s] -- Found rmw_implementation_cmake: 6.1.1 (/opt/ros/humble/share/rmw_implementation_cmake/cmake)
[1.622s] -- Found rmw_fastrtps_cpp: 6.2.6 (/opt/ros/humble/share/rmw_fastrtps_cpp/cmake)
[1.787s] -- Found OpenSSL: /usr/lib/x86_64-linux-gnu/libcrypto.so (found version "3.0.2")  
[1.823s] -- Found FastRTPS: /opt/ros/humble/include  
[1.873s] -- Using RMW implementation 'rmw_fastrtps_cpp' as default
[1.899s] -- Looking for pthread.h
[1.982s] -- Looking for pthread.h - found
[1.982s] -- Performing Test CMAKE_HAVE_LIBC_PTHREAD
[2.062s] -- Performing Test CMAKE_HAVE_LIBC_PTHREAD - Success
[2.063s] -- Found Threads: TRUE  
[2.703s] [31mCMake Error at CMakeLists.txt:16 (find_package):
[2.703s]   By not providing "Findids_peak.cmake" in CMAKE_MODULE_PATH this project has
[2.703s]   asked CMake to find a package configuration file provided by "ids_peak",
[2.704s]   but CMake did not find one.
[2.704s] 
[2.704s]   Could not find a package configuration file provided by "ids_peak" with any
[2.704s]   of the following names:
[2.704s] 
[2.704s]     ids_peakConfig.cmake
[2.704s]     ids_peak-config.cmake
[2.704s] 
[2.704s]   Add the installation prefix of "ids_peak" to CMAKE_PREFIX_PATH or set
[2.704s]   "ids_peak_DIR" to a directory containing one of the above files.  If
[2.704s]   "ids_peak" provides a separate development package or SDK, be sure it has
[2.704s]   been installed.
[2.704s] 
[2.704s] [0m
[2.704s] -- Configuring incomplete, errors occurred!
[2.704s] See also "/home/leonard/peak_cam_docker/build/peak_cam/CMakeFiles/CMakeOutput.log".
[2.713s] Invoked command in '/home/leonard/peak_cam_docker/build/peak_cam' returned '1': CMAKE_PREFIX_PATH=/opt/ros/humble /usr/bin/cmake /home/leonard/peak_cam_docker/peak_cam -DCMAKE_INSTALL_PREFIX=/home/leonard/peak_cam_docker/install/peak_cam
