-- Found ament_cmake_auto: 1.3.8 (/opt/ros/humble/share/ament_cmake_auto/cmake)
-- Found rosidl_generator_c: 3.1.5 (/opt/ros/humble/share/rosidl_generator_c/cmake)
-- Found rosidl_adapter: 3.1.5 (/opt/ros/humble/share/rosidl_adapter/cmake)
-- Found rosidl_generator_cpp: 3.1.5 (/opt/ros/humble/share/rosidl_generator_cpp/cmake)
-- Using all available rosidl_typesupport_c: rosidl_typesupport_fastrtps_c;rosidl_typesupport_introspection_c
-- Using all available rosidl_typesupport_cpp: rosidl_typesupport_fastrtps_cpp;rosidl_typesupport_introspection_cpp
-- Found rmw_implementation_cmake: 6.1.1 (/opt/ros/humble/share/rmw_implementation_cmake/cmake)
-- Found rmw_fastrtps_cpp: 6.2.6 (/opt/ros/humble/share/rmw_fastrtps_cpp/cmake)
-- Using RMW implementation 'rmw_fastrtps_cpp' as default
-- Configuring done
-- Generating done
-- Build files have been written to: /home/leonard/peak_cam_docker/build/peak_cam
[35m[1mConsolidate compiler generated dependencies of target peak_cam_node[0m
[ 25%] [32mBuilding CXX object CMakeFiles/peak_cam.dir/src/peak_cam_node.cpp.o[0m
[ 75%] Built target peak_cam_node
[100%] [32m[1mLinking CXX shared library libpeak_cam.so[0m
[100%] Built target peak_cam
-- Install configuration: ""
-- Installing: /home/leonard/peak_cam_docker/install/peak_cam/lib/peak_cam/peak_cam_node
-- Set runtime path of "/home/leonard/peak_cam_docker/install/peak_cam/lib/peak_cam/peak_cam_node" to ""
-- Installing: /home/leonard/peak_cam_docker/install/peak_cam/share/peak_cam/launch
-- Installing: /home/leonard/peak_cam_docker/install/peak_cam/share/peak_cam/launch/left.launch.py
-- Installing: /home/leonard/peak_cam_docker/install/peak_cam/share/peak_cam/launch/right.launch.py
-- Installing: /home/leonard/peak_cam_docker/install/peak_cam/share/peak_cam/launch/rear.launch.py
-- Installing: /home/leonard/peak_cam_docker/install/peak_cam/share/peak_cam/launch/front.launch.py
-- Installing: /home/leonard/peak_cam_docker/install/peak_cam/share/peak_cam/launch/peak_cam.launch.py
-- Installing: /home/leonard/peak_cam_docker/install/peak_cam/share/peak_cam/params
-- Installing: /home/leonard/peak_cam_docker/install/peak_cam/share/peak_cam/params/settings
-- Installing: /home/leonard/peak_cam_docker/install/peak_cam/share/peak_cam/params/settings/peak_cam_params.yaml
-- Installing: /home/leonard/peak_cam_docker/install/peak_cam/share/peak_cam/params/settings/cam2.yaml
-- Installing: /home/leonard/peak_cam_docker/install/peak_cam/share/peak_cam/params/settings/cam1.yaml
-- Installing: /home/leonard/peak_cam_docker/install/peak_cam/share/peak_cam/params/settings/cam3.yaml
-- Installing: /home/leonard/peak_cam_docker/install/peak_cam/share/peak_cam/params/settings/cam4.yaml
-- Installing: /home/leonard/peak_cam_docker/install/peak_cam/share/peak_cam/params/intrinsics
-- Installing: /home/leonard/peak_cam_docker/install/peak_cam/share/peak_cam/params/intrinsics/default_camera_info.yaml
-- Installing: /home/leonard/peak_cam_docker/install/peak_cam/include
-- Installing: /home/leonard/peak_cam_docker/install/peak_cam/include/peak_cam
-- Installing: /home/leonard/peak_cam_docker/install/peak_cam/include/peak_cam/peak_cam_node.hpp
-- Installing: /home/leonard/peak_cam_docker/install/peak_cam/include/peak_cam/acquisition_parameters.hpp
-- Installing: /home/leonard/peak_cam_docker/install/peak_cam/share/peak_cam/environment/library_path.sh
-- Installing: /home/leonard/peak_cam_docker/install/peak_cam/share/peak_cam/environment/library_path.dsv
-- Installing: /home/leonard/peak_cam_docker/install/peak_cam/lib/libpeak_cam.so
-- Set runtime path of "/home/leonard/peak_cam_docker/install/peak_cam/lib/libpeak_cam.so" to ""
-- Installing: /home/leonard/peak_cam_docker/install/peak_cam/share/ament_index/resource_index/package_run_dependencies/peak_cam
-- Installing: /home/leonard/peak_cam_docker/install/peak_cam/share/ament_index/resource_index/parent_prefix_path/peak_cam
-- Installing: /home/leonard/peak_cam_docker/install/peak_cam/share/peak_cam/environment/ament_prefix_path.sh
-- Installing: /home/leonard/peak_cam_docker/install/peak_cam/share/peak_cam/environment/ament_prefix_path.dsv
-- Installing: /home/leonard/peak_cam_docker/install/peak_cam/share/peak_cam/environment/path.sh
-- Installing: /home/leonard/peak_cam_docker/install/peak_cam/share/peak_cam/environment/path.dsv
-- Installing: /home/leonard/peak_cam_docker/install/peak_cam/share/peak_cam/local_setup.bash
-- Installing: /home/leonard/peak_cam_docker/install/peak_cam/share/peak_cam/local_setup.sh
-- Installing: /home/leonard/peak_cam_docker/install/peak_cam/share/peak_cam/local_setup.zsh
-- Installing: /home/leonard/peak_cam_docker/install/peak_cam/share/peak_cam/local_setup.dsv
-- Installing: /home/leonard/peak_cam_docker/install/peak_cam/share/peak_cam/package.dsv
-- Installing: /home/leonard/peak_cam_docker/install/peak_cam/share/ament_index/resource_index/packages/peak_cam
-- Installing: /home/leonard/peak_cam_docker/install/peak_cam/share/ament_index/resource_index/rclcpp_components/peak_cam
-- Installing: /home/leonard/peak_cam_docker/install/peak_cam/share/peak_cam/cmake/ament_cmake_export_dependencies-extras.cmake
-- Installing: /home/leonard/peak_cam_docker/install/peak_cam/share/peak_cam/cmake/ament_cmake_export_include_directories-extras.cmake
-- Installing: /home/leonard/peak_cam_docker/install/peak_cam/share/peak_cam/cmake/ament_cmake_export_libraries-extras.cmake
-- Installing: /home/leonard/peak_cam_docker/install/peak_cam/share/peak_cam/cmake/peak_camConfig.cmake
-- Installing: /home/leonard/peak_cam_docker/install/peak_cam/share/peak_cam/cmake/peak_camConfig-version.cmake
-- Installing: /home/leonard/peak_cam_docker/install/peak_cam/share/peak_cam/package.xml
