[0.009s] Invoking command in '/home/leonard/peak_cam_docker/build/peak_cam': CMAKE_PREFIX_PATH=/opt/ros/humble /usr/bin/cmake --build /home/leonard/peak_cam_docker/build/peak_cam -- -j6 -l6
[0.052s] -- Found ament_cmake_auto: 1.3.8 (/opt/ros/humble/share/ament_cmake_auto/cmake)
[0.521s] -- Found rosidl_generator_c: 3.1.5 (/opt/ros/humble/share/rosidl_generator_c/cmake)
[0.535s] -- Found rosidl_adapter: 3.1.5 (/opt/ros/humble/share/rosidl_adapter/cmake)
[0.570s] -- Found rosidl_generator_cpp: 3.1.5 (/opt/ros/humble/share/rosidl_generator_cpp/cmake)
[0.609s] -- Using all available rosidl_typesupport_c: rosidl_typesupport_fastrtps_c;rosidl_typesupport_introspection_c
[0.659s] -- Using all available rosidl_typesupport_cpp: rosidl_typesupport_fastrtps_cpp;rosidl_typesupport_introspection_cpp
[0.808s] -- Found rmw_implementation_cmake: 6.1.1 (/opt/ros/humble/share/rmw_implementation_cmake/cmake)
[0.815s] -- Found rmw_fastrtps_cpp: 6.2.6 (/opt/ros/humble/share/rmw_fastrtps_cpp/cmake)
[0.987s] -- Using RMW implementation 'rmw_fastrtps_cpp' as default
[1.845s] -- Configuring done
[1.882s] -- Generating done
[1.884s] -- Build files have been written to: /home/leonard/peak_cam_docker/build/peak_cam
[1.908s] [35m[1mConsolidate compiler generated dependencies of target peak_cam_node[0m
[1.914s] [ 25%] [32mBuilding CXX object CMakeFiles/peak_cam.dir/src/peak_cam_node.cpp.o[0m
[1.923s] [ 75%] Built target peak_cam_node
[27.781s] [100%] [32m[1mLinking CXX shared library libpeak_cam.so[0m
[28.585s] [100%] Built target peak_cam
[28.596s] Invoked command in '/home/leonard/peak_cam_docker/build/peak_cam' returned '0': CMAKE_PREFIX_PATH=/opt/ros/humble /usr/bin/cmake --build /home/leonard/peak_cam_docker/build/peak_cam -- -j6 -l6
[28.628s] Invoking command in '/home/leonard/peak_cam_docker/build/peak_cam': CMAKE_PREFIX_PATH=/opt/ros/humble /usr/bin/cmake --install /home/leonard/peak_cam_docker/build/peak_cam
[28.634s] -- Install configuration: ""
[28.634s] -- Installing: /home/leonard/peak_cam_docker/install/peak_cam/lib/peak_cam/peak_cam_node
[28.639s] -- Set runtime path of "/home/leonard/peak_cam_docker/install/peak_cam/lib/peak_cam/peak_cam_node" to ""
[28.639s] -- Installing: /home/leonard/peak_cam_docker/install/peak_cam/share/peak_cam/launch
[28.639s] -- Installing: /home/leonard/peak_cam_docker/install/peak_cam/share/peak_cam/launch/left.launch.py
[28.639s] -- Installing: /home/leonard/peak_cam_docker/install/peak_cam/share/peak_cam/launch/right.launch.py
[28.639s] -- Installing: /home/leonard/peak_cam_docker/install/peak_cam/share/peak_cam/launch/rear.launch.py
[28.639s] -- Installing: /home/leonard/peak_cam_docker/install/peak_cam/share/peak_cam/launch/front.launch.py
[28.639s] -- Installing: /home/leonard/peak_cam_docker/install/peak_cam/share/peak_cam/launch/peak_cam.launch.py
[28.639s] -- Installing: /home/leonard/peak_cam_docker/install/peak_cam/share/peak_cam/params
[28.639s] -- Installing: /home/leonard/peak_cam_docker/install/peak_cam/share/peak_cam/params/settings
[28.639s] -- Installing: /home/leonard/peak_cam_docker/install/peak_cam/share/peak_cam/params/settings/peak_cam_params.yaml
[28.639s] -- Installing: /home/leonard/peak_cam_docker/install/peak_cam/share/peak_cam/params/settings/cam2.yaml
[28.639s] -- Installing: /home/leonard/peak_cam_docker/install/peak_cam/share/peak_cam/params/settings/cam1.yaml
[28.639s] -- Installing: /home/leonard/peak_cam_docker/install/peak_cam/share/peak_cam/params/settings/cam3.yaml
[28.639s] -- Installing: /home/leonard/peak_cam_docker/install/peak_cam/share/peak_cam/params/settings/cam4.yaml
[28.639s] -- Installing: /home/leonard/peak_cam_docker/install/peak_cam/share/peak_cam/params/intrinsics
[28.640s] -- Installing: /home/leonard/peak_cam_docker/install/peak_cam/share/peak_cam/params/intrinsics/default_camera_info.yaml
[28.640s] -- Installing: /home/leonard/peak_cam_docker/install/peak_cam/include
[28.640s] -- Installing: /home/leonard/peak_cam_docker/install/peak_cam/include/peak_cam
[28.640s] -- Installing: /home/leonard/peak_cam_docker/install/peak_cam/include/peak_cam/peak_cam_node.hpp
[28.640s] -- Installing: /home/leonard/peak_cam_docker/install/peak_cam/include/peak_cam/acquisition_parameters.hpp
[28.640s] -- Installing: /home/leonard/peak_cam_docker/install/peak_cam/share/peak_cam/environment/library_path.sh
[28.640s] -- Installing: /home/leonard/peak_cam_docker/install/peak_cam/share/peak_cam/environment/library_path.dsv
[28.640s] -- Installing: /home/leonard/peak_cam_docker/install/peak_cam/lib/libpeak_cam.so
[28.648s] -- Set runtime path of "/home/leonard/peak_cam_docker/install/peak_cam/lib/libpeak_cam.so" to ""
[28.648s] -- Installing: /home/leonard/peak_cam_docker/install/peak_cam/share/ament_index/resource_index/package_run_dependencies/peak_cam
[28.648s] -- Installing: /home/leonard/peak_cam_docker/install/peak_cam/share/ament_index/resource_index/parent_prefix_path/peak_cam
[28.648s] -- Installing: /home/leonard/peak_cam_docker/install/peak_cam/share/peak_cam/environment/ament_prefix_path.sh
[28.648s] -- Installing: /home/leonard/peak_cam_docker/install/peak_cam/share/peak_cam/environment/ament_prefix_path.dsv
[28.648s] -- Installing: /home/leonard/peak_cam_docker/install/peak_cam/share/peak_cam/environment/path.sh
[28.649s] -- Installing: /home/leonard/peak_cam_docker/install/peak_cam/share/peak_cam/environment/path.dsv
[28.649s] -- Installing: /home/leonard/peak_cam_docker/install/peak_cam/share/peak_cam/local_setup.bash
[28.649s] -- Installing: /home/leonard/peak_cam_docker/install/peak_cam/share/peak_cam/local_setup.sh
[28.649s] -- Installing: /home/leonard/peak_cam_docker/install/peak_cam/share/peak_cam/local_setup.zsh
[28.649s] -- Installing: /home/leonard/peak_cam_docker/install/peak_cam/share/peak_cam/local_setup.dsv
[28.649s] -- Installing: /home/leonard/peak_cam_docker/install/peak_cam/share/peak_cam/package.dsv
[28.649s] -- Installing: /home/leonard/peak_cam_docker/install/peak_cam/share/ament_index/resource_index/packages/peak_cam
[28.649s] -- Installing: /home/leonard/peak_cam_docker/install/peak_cam/share/ament_index/resource_index/rclcpp_components/peak_cam
[28.649s] -- Installing: /home/leonard/peak_cam_docker/install/peak_cam/share/peak_cam/cmake/ament_cmake_export_dependencies-extras.cmake
[28.649s] -- Installing: /home/leonard/peak_cam_docker/install/peak_cam/share/peak_cam/cmake/ament_cmake_export_include_directories-extras.cmake
[28.649s] -- Installing: /home/leonard/peak_cam_docker/install/peak_cam/share/peak_cam/cmake/ament_cmake_export_libraries-extras.cmake
[28.650s] -- Installing: /home/leonard/peak_cam_docker/install/peak_cam/share/peak_cam/cmake/peak_camConfig.cmake
[28.650s] -- Installing: /home/leonard/peak_cam_docker/install/peak_cam/share/peak_cam/cmake/peak_camConfig-version.cmake
[28.650s] -- Installing: /home/leonard/peak_cam_docker/install/peak_cam/share/peak_cam/package.xml
[28.651s] Invoked command in '/home/leonard/peak_cam_docker/build/peak_cam' returned '0': CMAKE_PREFIX_PATH=/opt/ros/humble /usr/bin/cmake --install /home/leonard/peak_cam_docker/build/peak_cam
