[0.099s] DEBUG:colcon:Command line arguments: ['/usr/bin/colcon', 'build']
[0.099s] DEBUG:colcon:Parsed command line arguments: Namespace(log_base=None, log_level=None, verb_name='build', build_base='build', install_base='install', merge_install=False, symlink_install=False, test_result_base=None, continue_on_error=False, executor='parallel', parallel_workers=6, event_handlers=None, ignore_user_meta=False, metas=['./colcon.meta'], base_paths=['.'], packages_ignore=None, packages_ignore_regex=None, paths=None, packages_up_to=None, packages_up_to_regex=None, packages_above=None, packages_above_and_dependencies=None, packages_above_depth=None, packages_select_by_dep=None, packages_skip_by_dep=None, packages_skip_up_to=None, packages_select_build_failed=False, packages_skip_build_finished=False, packages_select_test_failures=False, packages_skip_test_passed=False, packages_select=None, packages_skip=None, packages_select_regex=None, packages_skip_regex=None, packages_start=None, packages_end=None, allow_overriding=[], cmake_args=None, cmake_target=None, cmake_target_skip_unavailable=False, cmake_clean_cache=False, cmake_clean_first=False, cmake_force_configure=False, ament_cmake_args=None, catkin_cmake_args=None, catkin_skip_building_tests=False, verb_parser=<colcon_defaults.argument_parser.defaults.DefaultArgumentsDecorator object at 0x7977b6bf7760>, verb_extension=<colcon_core.verb.build.BuildVerb object at 0x7977b6bf7220>, main=<bound method BuildVerb.main of <colcon_core.verb.build.BuildVerb object at 0x7977b6bf7220>>)
[0.239s] Level 1:colcon.colcon_core.package_discovery:discover_packages(colcon_meta) check parameters
[0.239s] Level 1:colcon.colcon_core.package_discovery:discover_packages(recursive) check parameters
[0.239s] Level 1:colcon.colcon_core.package_discovery:discover_packages(ignore) check parameters
[0.239s] Level 1:colcon.colcon_core.package_discovery:discover_packages(path) check parameters
[0.239s] Level 1:colcon.colcon_core.package_discovery:discover_packages(colcon_meta) discover
[0.239s] Level 1:colcon.colcon_core.package_discovery:discover_packages(recursive) discover
[0.239s] INFO:colcon.colcon_core.package_discovery:Crawling recursively for packages in '/home/leonard/peak_cam_docker'
[0.239s] Level 1:colcon.colcon_core.package_identification:_identify(.) by extensions ['ignore', 'ignore_ament_install']
[0.240s] Level 1:colcon.colcon_core.package_identification:_identify(.) by extension 'ignore'
[0.240s] Level 1:colcon.colcon_core.package_identification:_identify(.) by extension 'ignore_ament_install'
[0.240s] Level 1:colcon.colcon_core.package_identification:_identify(.) by extensions ['colcon_pkg']
[0.240s] Level 1:colcon.colcon_core.package_identification:_identify(.) by extension 'colcon_pkg'
[0.240s] Level 1:colcon.colcon_core.package_identification:_identify(.) by extensions ['colcon_meta']
[0.240s] Level 1:colcon.colcon_core.package_identification:_identify(.) by extension 'colcon_meta'
[0.240s] Level 1:colcon.colcon_core.package_identification:_identify(.) by extensions ['ros']
[0.240s] Level 1:colcon.colcon_core.package_identification:_identify(.) by extension 'ros'
[0.250s] Level 1:colcon.colcon_core.package_identification:_identify(.) by extensions ['cmake', 'python']
[0.250s] Level 1:colcon.colcon_core.package_identification:_identify(.) by extension 'cmake'
[0.251s] Level 1:colcon.colcon_core.package_identification:_identify(.) by extension 'python'
[0.251s] Level 1:colcon.colcon_core.package_identification:_identify(.) by extensions ['python_setup_py']
[0.251s] Level 1:colcon.colcon_core.package_identification:_identify(.) by extension 'python_setup_py'
[0.251s] Level 1:colcon.colcon_core.package_identification:_identify(build) by extensions ['ignore', 'ignore_ament_install']
[0.251s] Level 1:colcon.colcon_core.package_identification:_identify(build) by extension 'ignore'
[0.251s] Level 1:colcon.colcon_core.package_identification:_identify(build) ignored
[0.251s] Level 1:colcon.colcon_core.package_identification:_identify(docker) by extensions ['ignore', 'ignore_ament_install']
[0.251s] Level 1:colcon.colcon_core.package_identification:_identify(docker) by extension 'ignore'
[0.251s] Level 1:colcon.colcon_core.package_identification:_identify(docker) by extension 'ignore_ament_install'
[0.251s] Level 1:colcon.colcon_core.package_identification:_identify(docker) by extensions ['colcon_pkg']
[0.251s] Level 1:colcon.colcon_core.package_identification:_identify(docker) by extension 'colcon_pkg'
[0.251s] Level 1:colcon.colcon_core.package_identification:_identify(docker) by extensions ['colcon_meta']
[0.251s] Level 1:colcon.colcon_core.package_identification:_identify(docker) by extension 'colcon_meta'
[0.251s] Level 1:colcon.colcon_core.package_identification:_identify(docker) by extensions ['ros']
[0.251s] Level 1:colcon.colcon_core.package_identification:_identify(docker) by extension 'ros'
[0.251s] Level 1:colcon.colcon_core.package_identification:_identify(docker) by extensions ['cmake', 'python']
[0.251s] Level 1:colcon.colcon_core.package_identification:_identify(docker) by extension 'cmake'
[0.251s] Level 1:colcon.colcon_core.package_identification:_identify(docker) by extension 'python'
[0.252s] Level 1:colcon.colcon_core.package_identification:_identify(docker) by extensions ['python_setup_py']
[0.252s] Level 1:colcon.colcon_core.package_identification:_identify(docker) by extension 'python_setup_py'
[0.252s] Level 1:colcon.colcon_core.package_identification:_identify(install) by extensions ['ignore', 'ignore_ament_install']
[0.252s] Level 1:colcon.colcon_core.package_identification:_identify(install) by extension 'ignore'
[0.252s] Level 1:colcon.colcon_core.package_identification:_identify(install) ignored
[0.252s] Level 1:colcon.colcon_core.package_identification:_identify(log) by extensions ['ignore', 'ignore_ament_install']
[0.252s] Level 1:colcon.colcon_core.package_identification:_identify(log) by extension 'ignore'
[0.252s] Level 1:colcon.colcon_core.package_identification:_identify(log) ignored
[0.252s] Level 1:colcon.colcon_core.package_identification:_identify(peak_cam) by extensions ['ignore', 'ignore_ament_install']
[0.252s] Level 1:colcon.colcon_core.package_identification:_identify(peak_cam) by extension 'ignore'
[0.252s] Level 1:colcon.colcon_core.package_identification:_identify(peak_cam) by extension 'ignore_ament_install'
[0.252s] Level 1:colcon.colcon_core.package_identification:_identify(peak_cam) by extensions ['colcon_pkg']
[0.252s] Level 1:colcon.colcon_core.package_identification:_identify(peak_cam) by extension 'colcon_pkg'
[0.252s] Level 1:colcon.colcon_core.package_identification:_identify(peak_cam) by extensions ['colcon_meta']
[0.252s] Level 1:colcon.colcon_core.package_identification:_identify(peak_cam) by extension 'colcon_meta'
[0.252s] Level 1:colcon.colcon_core.package_identification:_identify(peak_cam) by extensions ['ros']
[0.252s] Level 1:colcon.colcon_core.package_identification:_identify(peak_cam) by extension 'ros'
[0.255s] DEBUG:colcon.colcon_core.package_identification:Package 'peak_cam' with type 'ros.ament_cmake' and name 'peak_cam'
[0.255s] Level 1:colcon.colcon_core.package_discovery:discover_packages(recursive) using defaults
[0.255s] Level 1:colcon.colcon_core.package_discovery:discover_packages(ignore) discover
[0.255s] Level 1:colcon.colcon_core.package_discovery:discover_packages(ignore) using defaults
[0.255s] Level 1:colcon.colcon_core.package_discovery:discover_packages(path) discover
[0.255s] Level 1:colcon.colcon_core.package_discovery:discover_packages(path) using defaults
[0.275s] Level 1:colcon.colcon_core.package_discovery:discover_packages(prefix_path) check parameters
[0.275s] Level 1:colcon.colcon_core.package_discovery:discover_packages(prefix_path) discover
[0.277s] DEBUG:colcon.colcon_installed_package_information.package_discovery:Found 272 installed packages in /opt/ros/humble
[0.278s] Level 1:colcon.colcon_core.package_discovery:discover_packages(prefix_path) using defaults
[0.329s] Level 5:colcon.colcon_core.verb:set package 'peak_cam' build argument 'cmake_args' from command line to 'None'
[0.329s] Level 5:colcon.colcon_core.verb:set package 'peak_cam' build argument 'cmake_target' from command line to 'None'
[0.329s] Level 5:colcon.colcon_core.verb:set package 'peak_cam' build argument 'cmake_target_skip_unavailable' from command line to 'False'
[0.329s] Level 5:colcon.colcon_core.verb:set package 'peak_cam' build argument 'cmake_clean_cache' from command line to 'False'
[0.329s] Level 5:colcon.colcon_core.verb:set package 'peak_cam' build argument 'cmake_clean_first' from command line to 'False'
[0.329s] Level 5:colcon.colcon_core.verb:set package 'peak_cam' build argument 'cmake_force_configure' from command line to 'False'
[0.329s] Level 5:colcon.colcon_core.verb:set package 'peak_cam' build argument 'ament_cmake_args' from command line to 'None'
[0.329s] Level 5:colcon.colcon_core.verb:set package 'peak_cam' build argument 'catkin_cmake_args' from command line to 'None'
[0.329s] Level 5:colcon.colcon_core.verb:set package 'peak_cam' build argument 'catkin_skip_building_tests' from command line to 'False'
[0.329s] DEBUG:colcon.colcon_core.verb:Building package 'peak_cam' with the following arguments: {'ament_cmake_args': None, 'build_base': '/home/leonard/peak_cam_docker/build/peak_cam', 'catkin_cmake_args': None, 'catkin_skip_building_tests': False, 'cmake_args': None, 'cmake_clean_cache': False, 'cmake_clean_first': False, 'cmake_force_configure': False, 'cmake_target': None, 'cmake_target_skip_unavailable': False, 'install_base': '/home/leonard/peak_cam_docker/install/peak_cam', 'merge_install': False, 'path': '/home/leonard/peak_cam_docker/peak_cam', 'symlink_install': False, 'test_result_base': None}
[0.329s] INFO:colcon.colcon_core.executor:Executing jobs using 'parallel' executor
[0.330s] DEBUG:colcon.colcon_parallel_executor.executor.parallel:run_until_complete
[0.330s] INFO:colcon.colcon_ros.task.ament_cmake.build:Building ROS package in '/home/leonard/peak_cam_docker/peak_cam' with build type 'ament_cmake'
[0.331s] INFO:colcon.colcon_cmake.task.cmake.build:Building CMake package in '/home/leonard/peak_cam_docker/peak_cam'
[0.333s] INFO:colcon.colcon_core.plugin_system:Skipping extension 'colcon_core.shell.bat': Not used on non-Windows systems
[0.333s] INFO:colcon.colcon_core.shell:Skip shell extension 'powershell' for command environment: Not usable outside of PowerShell
[0.333s] DEBUG:colcon.colcon_core.shell:Skip shell extension 'dsv' for command environment
[0.341s] DEBUG:colcon.colcon_core.event_handler.log_command:Invoking command in '/home/leonard/peak_cam_docker/build/peak_cam': CMAKE_PREFIX_PATH=/opt/ros/humble /usr/bin/cmake --build /home/leonard/peak_cam_docker/build/peak_cam -- -j6 -l6
[0.473s] DEBUG:colcon.colcon_core.event_handler.log_command:Invoked command in '/home/leonard/peak_cam_docker/build/peak_cam' returned '2': CMAKE_PREFIX_PATH=/opt/ros/humble /usr/bin/cmake --build /home/leonard/peak_cam_docker/build/peak_cam -- -j6 -l6
[0.495s] Level 1:colcon.colcon_core.environment:create_environment_scripts_only(peak_cam)
[0.497s] Level 1:colcon.colcon_core.environment:checking '/home/leonard/peak_cam_docker/install/peak_cam' for CMake module files
[0.497s] Level 1:colcon.colcon_core.environment:checking '/home/leonard/peak_cam_docker/install/peak_cam' for CMake config files
[0.497s] Level 1:colcon.colcon_core.environment:checking '/home/leonard/peak_cam_docker/install/peak_cam/bin'
[0.498s] Level 1:colcon.colcon_core.environment:checking '/home/leonard/peak_cam_docker/install/peak_cam/lib/pkgconfig/peak_cam.pc'
[0.498s] Level 1:colcon.colcon_core.environment:checking '/home/leonard/peak_cam_docker/install/peak_cam/lib/python3.10/site-packages'
[0.499s] Level 1:colcon.colcon_core.environment:checking '/home/leonard/peak_cam_docker/install/peak_cam/bin'
[0.499s] INFO:colcon.colcon_core.shell:Creating package script '/home/leonard/peak_cam_docker/install/peak_cam/share/peak_cam/package.ps1'
[0.500s] INFO:colcon.colcon_core.shell:Creating package descriptor '/home/leonard/peak_cam_docker/install/peak_cam/share/peak_cam/package.dsv'
[0.501s] INFO:colcon.colcon_core.shell:Creating package script '/home/leonard/peak_cam_docker/install/peak_cam/share/peak_cam/package.sh'
[0.501s] INFO:colcon.colcon_core.shell:Creating package script '/home/leonard/peak_cam_docker/install/peak_cam/share/peak_cam/package.bash'
[0.502s] INFO:colcon.colcon_core.shell:Creating package script '/home/leonard/peak_cam_docker/install/peak_cam/share/peak_cam/package.zsh'
[0.503s] Level 1:colcon.colcon_core.environment:create_file_with_runtime_dependencies(/home/leonard/peak_cam_docker/install/peak_cam/share/colcon-core/packages/peak_cam)
[0.514s] DEBUG:colcon.colcon_parallel_executor.executor.parallel:closing loop
[0.515s] DEBUG:colcon.colcon_parallel_executor.executor.parallel:loop closed
[0.515s] DEBUG:colcon.colcon_parallel_executor.executor.parallel:run_until_complete finished with '2'
[0.515s] DEBUG:colcon.colcon_core.event_reactor:joining thread
[0.519s] INFO:colcon.colcon_core.plugin_system:Skipping extension 'colcon_notification.desktop_notification.terminal_notifier': Not used on non-Darwin systems
[0.519s] INFO:colcon.colcon_core.plugin_system:Skipping extension 'colcon_notification.desktop_notification.win32': Not used on non-Windows systems
[0.519s] INFO:colcon.colcon_notification.desktop_notification:Sending desktop notification using 'notify2'
[0.534s] DEBUG:colcon.colcon_core.event_reactor:joined thread
[0.534s] INFO:colcon.colcon_core.shell:Creating prefix script '/home/leonard/peak_cam_docker/install/local_setup.ps1'
[0.535s] INFO:colcon.colcon_core.shell:Creating prefix util module '/home/leonard/peak_cam_docker/install/_local_setup_util_ps1.py'
[0.544s] INFO:colcon.colcon_core.shell:Creating prefix chain script '/home/leonard/peak_cam_docker/install/setup.ps1'
[0.546s] INFO:colcon.colcon_core.shell:Creating prefix script '/home/leonard/peak_cam_docker/install/local_setup.sh'
[0.546s] INFO:colcon.colcon_core.shell:Creating prefix util module '/home/leonard/peak_cam_docker/install/_local_setup_util_sh.py'
[0.547s] INFO:colcon.colcon_core.shell:Creating prefix chain script '/home/leonard/peak_cam_docker/install/setup.sh'
[0.549s] INFO:colcon.colcon_core.shell:Creating prefix script '/home/leonard/peak_cam_docker/install/local_setup.bash'
[0.549s] INFO:colcon.colcon_core.shell:Creating prefix chain script '/home/leonard/peak_cam_docker/install/setup.bash'
[0.550s] INFO:colcon.colcon_core.shell:Creating prefix script '/home/leonard/peak_cam_docker/install/local_setup.zsh'
[0.551s] INFO:colcon.colcon_core.shell:Creating prefix chain script '/home/leonard/peak_cam_docker/install/setup.zsh'
