[0.575s] DEBUG:colcon:Command line arguments: ['/usr/bin/colcon', 'build']
[0.575s] DEBUG:colcon:Parsed command line arguments: Namespace(log_base=None, log_level=None, verb_name='build', build_base='build', install_base='install', merge_install=False, symlink_install=False, test_result_base=None, continue_on_error=False, executor='parallel', parallel_workers=6, event_handlers=None, ignore_user_meta=False, metas=['./colcon.meta'], base_paths=['.'], packages_ignore=None, packages_ignore_regex=None, paths=None, packages_up_to=None, packages_up_to_regex=None, packages_above=None, packages_above_and_dependencies=None, packages_above_depth=None, packages_select_by_dep=None, packages_skip_by_dep=None, packages_skip_up_to=None, packages_select_build_failed=False, packages_skip_build_finished=False, packages_select_test_failures=False, packages_skip_test_passed=False, packages_select=None, packages_skip=None, packages_select_regex=None, packages_skip_regex=None, packages_start=None, packages_end=None, allow_overriding=[], cmake_args=None, cmake_target=None, cmake_target_skip_unavailable=False, cmake_clean_cache=False, cmake_clean_first=False, cmake_force_configure=False, ament_cmake_args=None, catkin_cmake_args=None, catkin_skip_building_tests=False, verb_parser=<colcon_defaults.argument_parser.defaults.DefaultArgumentsDecorator object at 0x72d934fff760>, verb_extension=<colcon_core.verb.build.BuildVerb object at 0x72d934fff220>, main=<bound method BuildVerb.main of <colcon_core.verb.build.BuildVerb object at 0x72d934fff220>>)
[1.027s] Level 1:colcon.colcon_core.package_discovery:discover_packages(colcon_meta) check parameters
[1.028s] Level 1:colcon.colcon_core.package_discovery:discover_packages(recursive) check parameters
[1.028s] Level 1:colcon.colcon_core.package_discovery:discover_packages(ignore) check parameters
[1.028s] Level 1:colcon.colcon_core.package_discovery:discover_packages(path) check parameters
[1.028s] Level 1:colcon.colcon_core.package_discovery:discover_packages(colcon_meta) discover
[1.028s] Level 1:colcon.colcon_core.package_discovery:discover_packages(recursive) discover
[1.028s] INFO:colcon.colcon_core.package_discovery:Crawling recursively for packages in '/home/leonard/peak_cam_docker'
[1.028s] Level 1:colcon.colcon_core.package_identification:_identify(.) by extensions ['ignore', 'ignore_ament_install']
[1.028s] Level 1:colcon.colcon_core.package_identification:_identify(.) by extension 'ignore'
[1.028s] Level 1:colcon.colcon_core.package_identification:_identify(.) by extension 'ignore_ament_install'
[1.028s] Level 1:colcon.colcon_core.package_identification:_identify(.) by extensions ['colcon_pkg']
[1.028s] Level 1:colcon.colcon_core.package_identification:_identify(.) by extension 'colcon_pkg'
[1.028s] Level 1:colcon.colcon_core.package_identification:_identify(.) by extensions ['colcon_meta']
[1.028s] Level 1:colcon.colcon_core.package_identification:_identify(.) by extension 'colcon_meta'
[1.028s] Level 1:colcon.colcon_core.package_identification:_identify(.) by extensions ['ros']
[1.028s] Level 1:colcon.colcon_core.package_identification:_identify(.) by extension 'ros'
[1.045s] Level 1:colcon.colcon_core.package_identification:_identify(.) by extensions ['cmake', 'python']
[1.045s] Level 1:colcon.colcon_core.package_identification:_identify(.) by extension 'cmake'
[1.045s] Level 1:colcon.colcon_core.package_identification:_identify(.) by extension 'python'
[1.045s] Level 1:colcon.colcon_core.package_identification:_identify(.) by extensions ['python_setup_py']
[1.045s] Level 1:colcon.colcon_core.package_identification:_identify(.) by extension 'python_setup_py'
[1.045s] Level 1:colcon.colcon_core.package_identification:_identify(build) by extensions ['ignore', 'ignore_ament_install']
[1.046s] Level 1:colcon.colcon_core.package_identification:_identify(build) by extension 'ignore'
[1.046s] Level 1:colcon.colcon_core.package_identification:_identify(build) ignored
[1.047s] Level 1:colcon.colcon_core.package_identification:_identify(docker) by extensions ['ignore', 'ignore_ament_install']
[1.047s] Level 1:colcon.colcon_core.package_identification:_identify(docker) by extension 'ignore'
[1.047s] Level 1:colcon.colcon_core.package_identification:_identify(docker) by extension 'ignore_ament_install'
[1.047s] Level 1:colcon.colcon_core.package_identification:_identify(docker) by extensions ['colcon_pkg']
[1.047s] Level 1:colcon.colcon_core.package_identification:_identify(docker) by extension 'colcon_pkg'
[1.047s] Level 1:colcon.colcon_core.package_identification:_identify(docker) by extensions ['colcon_meta']
[1.047s] Level 1:colcon.colcon_core.package_identification:_identify(docker) by extension 'colcon_meta'
[1.047s] Level 1:colcon.colcon_core.package_identification:_identify(docker) by extensions ['ros']
[1.047s] Level 1:colcon.colcon_core.package_identification:_identify(docker) by extension 'ros'
[1.047s] Level 1:colcon.colcon_core.package_identification:_identify(docker) by extensions ['cmake', 'python']
[1.047s] Level 1:colcon.colcon_core.package_identification:_identify(docker) by extension 'cmake'
[1.047s] Level 1:colcon.colcon_core.package_identification:_identify(docker) by extension 'python'
[1.047s] Level 1:colcon.colcon_core.package_identification:_identify(docker) by extensions ['python_setup_py']
[1.047s] Level 1:colcon.colcon_core.package_identification:_identify(docker) by extension 'python_setup_py'
[1.047s] Level 1:colcon.colcon_core.package_identification:_identify(install) by extensions ['ignore', 'ignore_ament_install']
[1.047s] Level 1:colcon.colcon_core.package_identification:_identify(install) by extension 'ignore'
[1.047s] Level 1:colcon.colcon_core.package_identification:_identify(install) ignored
[1.048s] Level 1:colcon.colcon_core.package_identification:_identify(log) by extensions ['ignore', 'ignore_ament_install']
[1.048s] Level 1:colcon.colcon_core.package_identification:_identify(log) by extension 'ignore'
[1.048s] Level 1:colcon.colcon_core.package_identification:_identify(log) ignored
[1.048s] Level 1:colcon.colcon_core.package_identification:_identify(peak_cam) by extensions ['ignore', 'ignore_ament_install']
[1.048s] Level 1:colcon.colcon_core.package_identification:_identify(peak_cam) by extension 'ignore'
[1.049s] Level 1:colcon.colcon_core.package_identification:_identify(peak_cam) by extension 'ignore_ament_install'
[1.049s] Level 1:colcon.colcon_core.package_identification:_identify(peak_cam) by extensions ['colcon_pkg']
[1.049s] Level 1:colcon.colcon_core.package_identification:_identify(peak_cam) by extension 'colcon_pkg'
[1.049s] Level 1:colcon.colcon_core.package_identification:_identify(peak_cam) by extensions ['colcon_meta']
[1.049s] Level 1:colcon.colcon_core.package_identification:_identify(peak_cam) by extension 'colcon_meta'
[1.049s] Level 1:colcon.colcon_core.package_identification:_identify(peak_cam) by extensions ['ros']
[1.049s] Level 1:colcon.colcon_core.package_identification:_identify(peak_cam) by extension 'ros'
[1.054s] DEBUG:colcon.colcon_core.package_identification:Package 'peak_cam' with type 'ros.ament_cmake' and name 'peak_cam'
[1.054s] Level 1:colcon.colcon_core.package_discovery:discover_packages(recursive) using defaults
[1.054s] Level 1:colcon.colcon_core.package_discovery:discover_packages(ignore) discover
[1.054s] Level 1:colcon.colcon_core.package_discovery:discover_packages(ignore) using defaults
[1.054s] Level 1:colcon.colcon_core.package_discovery:discover_packages(path) discover
[1.054s] Level 1:colcon.colcon_core.package_discovery:discover_packages(path) using defaults
[1.096s] Level 1:colcon.colcon_core.package_discovery:discover_packages(prefix_path) check parameters
[1.096s] Level 1:colcon.colcon_core.package_discovery:discover_packages(prefix_path) discover
[1.102s] DEBUG:colcon.colcon_installed_package_information.package_discovery:Found 270 installed packages in /opt/ros/humble
[1.103s] Level 1:colcon.colcon_core.package_discovery:discover_packages(prefix_path) using defaults
[1.147s] Level 5:colcon.colcon_core.verb:set package 'peak_cam' build argument 'cmake_args' from command line to 'None'
[1.147s] Level 5:colcon.colcon_core.verb:set package 'peak_cam' build argument 'cmake_target' from command line to 'None'
[1.147s] Level 5:colcon.colcon_core.verb:set package 'peak_cam' build argument 'cmake_target_skip_unavailable' from command line to 'False'
[1.147s] Level 5:colcon.colcon_core.verb:set package 'peak_cam' build argument 'cmake_clean_cache' from command line to 'False'
[1.147s] Level 5:colcon.colcon_core.verb:set package 'peak_cam' build argument 'cmake_clean_first' from command line to 'False'
[1.147s] Level 5:colcon.colcon_core.verb:set package 'peak_cam' build argument 'cmake_force_configure' from command line to 'False'
[1.147s] Level 5:colcon.colcon_core.verb:set package 'peak_cam' build argument 'ament_cmake_args' from command line to 'None'
[1.147s] Level 5:colcon.colcon_core.verb:set package 'peak_cam' build argument 'catkin_cmake_args' from command line to 'None'
[1.147s] Level 5:colcon.colcon_core.verb:set package 'peak_cam' build argument 'catkin_skip_building_tests' from command line to 'False'
[1.147s] DEBUG:colcon.colcon_core.verb:Building package 'peak_cam' with the following arguments: {'ament_cmake_args': None, 'build_base': '/home/leonard/peak_cam_docker/build/peak_cam', 'catkin_cmake_args': None, 'catkin_skip_building_tests': False, 'cmake_args': None, 'cmake_clean_cache': False, 'cmake_clean_first': False, 'cmake_force_configure': False, 'cmake_target': None, 'cmake_target_skip_unavailable': False, 'install_base': '/home/leonard/peak_cam_docker/install/peak_cam', 'merge_install': False, 'path': '/home/leonard/peak_cam_docker/peak_cam', 'symlink_install': False, 'test_result_base': None}
[1.147s] INFO:colcon.colcon_core.executor:Executing jobs using 'parallel' executor
[1.149s] DEBUG:colcon.colcon_parallel_executor.executor.parallel:run_until_complete
[1.149s] INFO:colcon.colcon_ros.task.ament_cmake.build:Building ROS package in '/home/leonard/peak_cam_docker/peak_cam' with build type 'ament_cmake'
[1.150s] INFO:colcon.colcon_cmake.task.cmake.build:Building CMake package in '/home/leonard/peak_cam_docker/peak_cam'
[1.163s] INFO:colcon.colcon_core.plugin_system:Skipping extension 'colcon_core.shell.bat': Not used on non-Windows systems
[1.163s] INFO:colcon.colcon_core.shell:Skip shell extension 'powershell' for command environment: Not usable outside of PowerShell
[1.163s] DEBUG:colcon.colcon_core.shell:Skip shell extension 'dsv' for command environment
[1.172s] DEBUG:colcon.colcon_core.event_handler.log_command:Invoking command in '/home/leonard/peak_cam_docker/build/peak_cam': CMAKE_PREFIX_PATH=/opt/ros/humble /usr/bin/cmake --build /home/leonard/peak_cam_docker/build/peak_cam -- -j6 -l6
[1.721s] DEBUG:colcon.colcon_core.event_handler.log_command:Invoked command in '/home/leonard/peak_cam_docker/build/peak_cam' returned '2': CMAKE_PREFIX_PATH=/opt/ros/humble /usr/bin/cmake --build /home/leonard/peak_cam_docker/build/peak_cam -- -j6 -l6
[1.743s] Level 1:colcon.colcon_core.environment:create_environment_scripts_only(peak_cam)
[1.760s] Level 1:colcon.colcon_core.environment:checking '/home/leonard/peak_cam_docker/install/peak_cam' for CMake module files
[1.762s] Level 1:colcon.colcon_core.environment:checking '/home/leonard/peak_cam_docker/install/peak_cam' for CMake config files
[1.764s] Level 1:colcon.colcon_core.environment:checking '/home/leonard/peak_cam_docker/install/peak_cam/bin'
[1.764s] Level 1:colcon.colcon_core.environment:checking '/home/leonard/peak_cam_docker/install/peak_cam/lib/pkgconfig/peak_cam.pc'
[1.764s] Level 1:colcon.colcon_core.environment:checking '/home/leonard/peak_cam_docker/install/peak_cam/lib/python3.10/site-packages'
[1.765s] Level 1:colcon.colcon_core.environment:checking '/home/leonard/peak_cam_docker/install/peak_cam/bin'
[1.765s] INFO:colcon.colcon_core.shell:Creating package script '/home/leonard/peak_cam_docker/install/peak_cam/share/peak_cam/package.ps1'
[1.767s] INFO:colcon.colcon_core.shell:Creating package descriptor '/home/leonard/peak_cam_docker/install/peak_cam/share/peak_cam/package.dsv'
[1.768s] INFO:colcon.colcon_core.shell:Creating package script '/home/leonard/peak_cam_docker/install/peak_cam/share/peak_cam/package.sh'
[1.769s] INFO:colcon.colcon_core.shell:Creating package script '/home/leonard/peak_cam_docker/install/peak_cam/share/peak_cam/package.bash'
[1.771s] INFO:colcon.colcon_core.shell:Creating package script '/home/leonard/peak_cam_docker/install/peak_cam/share/peak_cam/package.zsh'
[1.772s] Level 1:colcon.colcon_core.environment:create_file_with_runtime_dependencies(/home/leonard/peak_cam_docker/install/peak_cam/share/colcon-core/packages/peak_cam)
[1.773s] DEBUG:colcon.colcon_parallel_executor.executor.parallel:closing loop
[1.773s] DEBUG:colcon.colcon_parallel_executor.executor.parallel:loop closed
[1.773s] DEBUG:colcon.colcon_parallel_executor.executor.parallel:run_until_complete finished with '2'
[1.773s] DEBUG:colcon.colcon_core.event_reactor:joining thread
[1.781s] INFO:colcon.colcon_core.plugin_system:Skipping extension 'colcon_notification.desktop_notification.terminal_notifier': Not used on non-Darwin systems
[1.781s] INFO:colcon.colcon_core.plugin_system:Skipping extension 'colcon_notification.desktop_notification.win32': Not used on non-Windows systems
[1.781s] INFO:colcon.colcon_notification.desktop_notification:Sending desktop notification using 'notify2'
[1.802s] DEBUG:colcon.colcon_core.event_reactor:joined thread
[1.803s] INFO:colcon.colcon_core.shell:Creating prefix script '/home/leonard/peak_cam_docker/install/local_setup.ps1'
[1.810s] INFO:colcon.colcon_core.shell:Creating prefix util module '/home/leonard/peak_cam_docker/install/_local_setup_util_ps1.py'
[1.812s] INFO:colcon.colcon_core.shell:Creating prefix chain script '/home/leonard/peak_cam_docker/install/setup.ps1'
[1.813s] INFO:colcon.colcon_core.shell:Creating prefix script '/home/leonard/peak_cam_docker/install/local_setup.sh'
[1.815s] INFO:colcon.colcon_core.shell:Creating prefix util module '/home/leonard/peak_cam_docker/install/_local_setup_util_sh.py'
[1.816s] INFO:colcon.colcon_core.shell:Creating prefix chain script '/home/leonard/peak_cam_docker/install/setup.sh'
[1.817s] INFO:colcon.colcon_core.shell:Creating prefix script '/home/leonard/peak_cam_docker/install/local_setup.bash'
[1.819s] INFO:colcon.colcon_core.shell:Creating prefix chain script '/home/leonard/peak_cam_docker/install/setup.bash'
[1.820s] INFO:colcon.colcon_core.shell:Creating prefix script '/home/leonard/peak_cam_docker/install/local_setup.zsh'
[1.821s] INFO:colcon.colcon_core.shell:Creating prefix chain script '/home/leonard/peak_cam_docker/install/setup.zsh'
